<?xml version="1.0" encoding="UTF-8"?>
<!-- Generated by org.testng.reporters.JUnitReportReporter -->
<testsuite skipped="0" hostname="DESKTOP-4RQ7SO6" name="edu.basetest.BaseTest" tests="1" failures="0" timestamp="2020-05-23T18:08:16 CST" time="33.132" errors="0">
  <testcase name="startUp" time="33.132" classname="edu.basetest.BaseTest"/>
  <system-out/>
</testsuite> <!-- edu.basetest.BaseTest -->
