<?xml version="1.0" encoding="UTF-8"?>
<!-- Generated by org.testng.reporters.JUnitReportReporter -->
<testsuite skipped="0" hostname="WIN-PR65CML43C1" name="edu.com.wangxiaodan.Pages" tests="1" failures="0" timestamp="08 五月 2020 02:00:47 GMT" time="44.616" errors="0">
  <testcase name="startUp" time="44.616" classname="edu.com.wangxiaodan.Pages"/>
</testsuite> <!-- edu.com.wangxiaodan.Pages -->
